<?xml version="1.0" encoding="UTF-8"?>
<!-- Generated by org.testng.reporters.JUnitReportReporter -->
<testsuite ignored="0" hostname="LAPTOP-P7I3LL0N" failures="0" tests="1" name="CursoAuto1.Selenium.AppTest" time="0.021" errors="0" timestamp="12 sep. 2020 14:10:56 GMT" skipped="0">
  <testcase classname="CursoAuto1.Selenium.AppTest" name="shouldAnswerWithTrue" time="0.021"/>
</testsuite> <!-- CursoAuto1.Selenium.AppTest -->
